-- The C compiler identification is GNU 7.5.0
-- The CXX compiler identification is GNU 7.5.0
-- The CUDA compiler identification is NVIDIA 11.0.221
-- Detecting C compiler ABI info
-- Detecting C compiler ABI info - done
-- Check for working C compiler: /usr/bin/cc - skipped
-- Detecting C compile features
-- Detecting C compile features - done
-- Detecting CXX compiler ABI info
-- Detecting CXX compiler ABI info - done
-- Check for working CXX compiler: /usr/bin/c++ - skipped
-- Detecting CXX compile features
-- Detecting CXX compile features - done
-- Detecting CUDA compiler ABI info
-- Detecting CUDA compiler ABI info - done
-- Check for working CUDA compiler: /usr/local/cuda/bin/nvcc - skipped
-- Detecting CUDA compile features
-- Detecting CUDA compile features - done
-- Downloading CPM.cmake to /home/ubuntu/projects/python_essentials/build/cmake/CPM_0.27.5.cmake
-- Found PythonInterp: /home/ubuntu/.anaconda/envs/pyg_env/bin/python3.7 (found suitable version "3.7.10", minimum required is "3.7") 
-- Found PythonLibs: /home/ubuntu/.anaconda/envs/pyg_env/lib/libpython3.7m.so (found suitable version "3.7.10", minimum required is "3.7") 
-- Looking for pthread.h
-- Looking for pthread.h - found
-- Performing Test CMAKE_HAVE_LIBC_PTHREAD
-- Performing Test CMAKE_HAVE_LIBC_PTHREAD - Failed
-- Looking for pthread_create in pthreads
-- Looking for pthread_create in pthreads - not found
-- Looking for pthread_create in pthread
-- Looking for pthread_create in pthread - found
-- Found Threads: TRUE  
-- Found CUDA: /usr/local/cuda (found version "11.0") 
-- Caffe2: CUDA detected: 11.0
-- Caffe2: CUDA nvcc is: /usr/local/cuda/bin/nvcc
-- Caffe2: CUDA toolkit directory: /usr/local/cuda
-- Caffe2: Header version is: 11.0
-- Found CUDNN: /usr/local/cuda/lib64/libcudnn.so  
-- Found cuDNN: v8.0.5  (include: /usr/local/cuda/include, library: /usr/local/cuda/lib64/libcudnn.so)
-- /usr/local/cuda/lib64/libnvrtc.so shorthash is bdda0eb4
-- Autodetected CUDA architecture(s):  7.0
-- Added CUDA NVCC flags for: -gencode;arch=compute_70,code=sm_70
-- Found Torch: /home/ubuntu/.anaconda/envs/pyg_env/lib/python3.7/site-packages/torch/lib/libtorch.so  
-- CPM: adding package Essentials@ (master)
-- Found rapidjson header files in /home/ubuntu/projects/python_essentials/externals/essentials/externals/rapidjson/include
-- Configuring done
-- Generating done
-- Build files have been written to: /home/ubuntu/projects/python_essentials/build
/usr/local/bin/cmake -S/home/ubuntu/projects/python_essentials -B/home/ubuntu/projects/python_essentials/build --check-build-system CMakeFiles/Makefile.cmake 0
/usr/local/bin/cmake -E cmake_progress_start /home/ubuntu/projects/python_essentials/build/CMakeFiles /home/ubuntu/projects/python_essentials/build//CMakeFiles/progress.marks
make  -f CMakeFiles/Makefile2 all
make[1]: Entering directory '/home/ubuntu/projects/python_essentials/build'
make  -f CMakeFiles/pygunrock.dir/build.make CMakeFiles/pygunrock.dir/depend
make  -f _deps/essentials-build/examples/sssp/CMakeFiles/sssp.dir/build.make _deps/essentials-build/examples/sssp/CMakeFiles/sssp.dir/depend
make  -f _deps/essentials-build/examples/bfs/CMakeFiles/bfs.dir/build.make _deps/essentials-build/examples/bfs/CMakeFiles/bfs.dir/depend
make  -f _deps/essentials-build/examples/color/CMakeFiles/color.dir/build.make _deps/essentials-build/examples/color/CMakeFiles/color.dir/depend
make  -f _deps/essentials-build/examples/geo/CMakeFiles/geo.dir/build.make _deps/essentials-build/examples/geo/CMakeFiles/geo.dir/depend
make[2]: Entering directory '/home/ubuntu/projects/python_essentials/build'
cd /home/ubuntu/projects/python_essentials/build && /usr/local/bin/cmake -E cmake_depends "Unix Makefiles" /home/ubuntu/projects/python_essentials /home/ubuntu/projects/python_essentials /home/ubuntu/projects/python_essentials/build /home/ubuntu/projects/python_essentials/build /home/ubuntu/projects/python_essentials/build/CMakeFiles/pygunrock.dir/DependInfo.cmake --color=
make[2]: Entering directory '/home/ubuntu/projects/python_essentials/build'
cd /home/ubuntu/projects/python_essentials/build && /usr/local/bin/cmake -E cmake_depends "Unix Makefiles" /home/ubuntu/projects/python_essentials /home/ubuntu/projects/python_essentials/externals/essentials/examples/bfs /home/ubuntu/projects/python_essentials/build /home/ubuntu/projects/python_essentials/build/_deps/essentials-build/examples/bfs /home/ubuntu/projects/python_essentials/build/_deps/essentials-build/examples/bfs/CMakeFiles/bfs.dir/DependInfo.cmake --color=
make[2]: Entering directory '/home/ubuntu/projects/python_essentials/build'
cd /home/ubuntu/projects/python_essentials/build && /usr/local/bin/cmake -E cmake_depends "Unix Makefiles" /home/ubuntu/projects/python_essentials /home/ubuntu/projects/python_essentials/externals/essentials/examples/sssp /home/ubuntu/projects/python_essentials/build /home/ubuntu/projects/python_essentials/build/_deps/essentials-build/examples/sssp /home/ubuntu/projects/python_essentials/build/_deps/essentials-build/examples/sssp/CMakeFiles/sssp.dir/DependInfo.cmake --color=
make[2]: Entering directory '/home/ubuntu/projects/python_essentials/build'
cd /home/ubuntu/projects/python_essentials/build && /usr/local/bin/cmake -E cmake_depends "Unix Makefiles" /home/ubuntu/projects/python_essentials /home/ubuntu/projects/python_essentials/externals/essentials/examples/geo /home/ubuntu/projects/python_essentials/build /home/ubuntu/projects/python_essentials/build/_deps/essentials-build/examples/geo /home/ubuntu/projects/python_essentials/build/_deps/essentials-build/examples/geo/CMakeFiles/geo.dir/DependInfo.cmake --color=
make[2]: Entering directory '/home/ubuntu/projects/python_essentials/build'
cd /home/ubuntu/projects/python_essentials/build && /usr/local/bin/cmake -E cmake_depends "Unix Makefiles" /home/ubuntu/projects/python_essentials /home/ubuntu/projects/python_essentials/externals/essentials/examples/color /home/ubuntu/projects/python_essentials/build /home/ubuntu/projects/python_essentials/build/_deps/essentials-build/examples/color /home/ubuntu/projects/python_essentials/build/_deps/essentials-build/examples/color/CMakeFiles/color.dir/DependInfo.cmake --color=
make[2]: Leaving directory '/home/ubuntu/projects/python_essentials/build'
make[2]: Leaving directory '/home/ubuntu/projects/python_essentials/build'
make  -f CMakeFiles/pygunrock.dir/build.make CMakeFiles/pygunrock.dir/build
make  -f _deps/essentials-build/examples/bfs/CMakeFiles/bfs.dir/build.make _deps/essentials-build/examples/bfs/CMakeFiles/bfs.dir/build
make[2]: Leaving directory '/home/ubuntu/projects/python_essentials/build'
make  -f _deps/essentials-build/examples/sssp/CMakeFiles/sssp.dir/build.make _deps/essentials-build/examples/sssp/CMakeFiles/sssp.dir/build
make[2]: Entering directory '/home/ubuntu/projects/python_essentials/build'
make[2]: Entering directory '/home/ubuntu/projects/python_essentials/build'
make[2]: Entering directory '/home/ubuntu/projects/python_essentials/build'
make[2]: Leaving directory '/home/ubuntu/projects/python_essentials/build'
make[2]: Leaving directory '/home/ubuntu/projects/python_essentials/build'
make  -f _deps/essentials-build/examples/color/CMakeFiles/color.dir/build.make _deps/essentials-build/examples/color/CMakeFiles/color.dir/build
make  -f _deps/essentials-build/examples/geo/CMakeFiles/geo.dir/build.make _deps/essentials-build/examples/geo/CMakeFiles/geo.dir/build
make[2]: Entering directory '/home/ubuntu/projects/python_essentials/build'
make[2]: Entering directory '/home/ubuntu/projects/python_essentials/build'
[  5%] Building CUDA object CMakeFiles/pygunrock.dir/src/interface.cu.o
/usr/local/cuda/bin/nvcc -forward-unknown-to-host-compiler -DSM_TARGET=61 -Dpygunrock_EXPORTS -I/home/ubuntu/.anaconda/envs/pyg_env/include/python3.7m -I/home/ubuntu/projects/python_essentials/./pybind11/include -I/home/ubuntu/projects/python_essentials/externals/essentials/include -I/home/ubuntu/projects/python_essentials/externals/essentials/externals -I/home/ubuntu/projects/python_essentials/externals/essentials/externals/mtx -I/home/ubuntu/projects/python_essentials/externals/essentials/externals/moderngpu/src -I/home/ubuntu/projects/python_essentials/externals/essentials/externals/rapidjson/include -I/usr/local/cuda/targets/x86_64-linux/include -isystem=/home/ubuntu/.anaconda/envs/pyg_env/lib/python3.7/site-packages/torch/include -isystem=/home/ubuntu/.anaconda/envs/pyg_env/lib/python3.7/site-packages/torch/include/torch/csrc/api/include -isystem=/usr/local/cuda/include --generate-code=arch=compute_52,code=[compute_52,sm_52] -Xcompiler=-fPIC --expt-extended-lambda --expt-relaxed-constexpr --use_fast_math --ptxas-options -v -D_GLIBCXX_USE_CXX11_ABI=0 -std=c++17 -MD -MT CMakeFiles/pygunrock.dir/src/interface.cu.o -MF CMakeFiles/pygunrock.dir/src/interface.cu.o.d -x cu -c /home/ubuntu/projects/python_essentials/src/interface.cu -o CMakeFiles/pygunrock.dir/src/interface.cu.o
[ 10%] Building C object _deps/essentials-build/examples/bfs/CMakeFiles/bfs.dir/__/__/include/gunrock/util/gitsha1make.c.o
[ 15%] Building CUDA object _deps/essentials-build/examples/sssp/CMakeFiles/sssp.dir/sssp.cu.o
[ 20%] Building CXX object CMakeFiles/pygunrock.dir/externals/essentials/externals/mtx/mmio.cpp.o
[ 25%] Building CXX object _deps/essentials-build/examples/bfs/CMakeFiles/bfs.dir/__/__/externals/mtx/mmio.cpp.o
cd /home/ubuntu/projects/python_essentials/build/_deps/essentials-build/examples/sssp && /usr/local/cuda/bin/nvcc -forward-unknown-to-host-compiler -DESSENTIALSVERSION=2.0.0 -DSM_TARGET=61 -I/home/ubuntu/.anaconda/envs/pyg_env/include/python3.7m -I/home/ubuntu/projects/python_essentials/./pybind11/include -I/home/ubuntu/projects/python_essentials/externals/essentials/externals/rapidjson/include -I/home/ubuntu/projects/python_essentials/externals/essentials/include -I/home/ubuntu/projects/python_essentials/externals/essentials/externals -I/home/ubuntu/projects/python_essentials/externals/essentials/externals/mtx -I/home/ubuntu/projects/python_essentials/externals/essentials/externals/moderngpu/src -I/usr/local/cuda/targets/x86_64-linux/include --generate-code=arch=compute_61,code=[compute_61,sm_61] --expt-extended-lambda --expt-relaxed-constexpr --use_fast_math --ptxas-options -v -std=c++17 -MD -MT _deps/essentials-build/examples/sssp/CMakeFiles/sssp.dir/sssp.cu.o -MF CMakeFiles/sssp.dir/sssp.cu.o.d -x cu -c /home/ubuntu/projects/python_essentials/externals/essentials/examples/sssp/sssp.cu -o CMakeFiles/sssp.dir/sssp.cu.o
/usr/bin/c++ -DSM_TARGET=61 -Dpygunrock_EXPORTS -I/home/ubuntu/.anaconda/envs/pyg_env/include/python3.7m -I/home/ubuntu/projects/python_essentials/./pybind11/include -I/home/ubuntu/projects/python_essentials/externals/essentials/include -I/home/ubuntu/projects/python_essentials/externals/essentials/externals -I/home/ubuntu/projects/python_essentials/externals/essentials/externals/mtx -I/home/ubuntu/projects/python_essentials/externals/essentials/externals/moderngpu/src -I/home/ubuntu/projects/python_essentials/externals/essentials/externals/rapidjson/include -I/usr/local/cuda/targets/x86_64-linux/include -isystem /home/ubuntu/.anaconda/envs/pyg_env/lib/python3.7/site-packages/torch/include -isystem /home/ubuntu/.anaconda/envs/pyg_env/lib/python3.7/site-packages/torch/include/torch/csrc/api/include -isystem /usr/local/cuda/include -fPIC -Wall -Wno-unused-local-typedefs -Wno-strict-aliasing -Wno-unused-function -Wno-format-security -D_GLIBCXX_USE_CXX11_ABI=0 -std=gnu++1z -MD -MT CMakeFiles/pygunrock.dir/externals/essentials/externals/mtx/mmio.cpp.o -MF CMakeFiles/pygunrock.dir/externals/essentials/externals/mtx/mmio.cpp.o.d -o CMakeFiles/pygunrock.dir/externals/essentials/externals/mtx/mmio.cpp.o -c /home/ubuntu/projects/python_essentials/externals/essentials/externals/mtx/mmio.cpp
cd /home/ubuntu/projects/python_essentials/build/_deps/essentials-build/examples/bfs && /usr/bin/cc -DESSENTIALSVERSION=2.0.0 -DSM_TARGET=61 -I/home/ubuntu/.anaconda/envs/pyg_env/include/python3.7m -I/home/ubuntu/projects/python_essentials/./pybind11/include -I/home/ubuntu/projects/python_essentials/externals/essentials/externals/rapidjson/include -I/home/ubuntu/projects/python_essentials/externals/essentials/include -I/home/ubuntu/projects/python_essentials/externals/essentials/externals -I/home/ubuntu/projects/python_essentials/externals/essentials/externals/mtx -I/home/ubuntu/projects/python_essentials/externals/essentials/externals/moderngpu/src -I/usr/local/cuda/targets/x86_64-linux/include  -MD -MT _deps/essentials-build/examples/bfs/CMakeFiles/bfs.dir/__/__/include/gunrock/util/gitsha1make.c.o -MF CMakeFiles/bfs.dir/__/__/include/gunrock/util/gitsha1make.c.o.d -o CMakeFiles/bfs.dir/__/__/include/gunrock/util/gitsha1make.c.o -c /home/ubuntu/projects/python_essentials/externals/essentials/include/gunrock/util/gitsha1make.c
[ 30%] Building C object _deps/essentials-build/examples/sssp/CMakeFiles/sssp.dir/__/__/include/gunrock/util/gitsha1make.c.o
cd /home/ubuntu/projects/python_essentials/build/_deps/essentials-build/examples/bfs && /usr/bin/c++ -DESSENTIALSVERSION=2.0.0 -DSM_TARGET=61 -I/home/ubuntu/.anaconda/envs/pyg_env/include/python3.7m -I/home/ubuntu/projects/python_essentials/./pybind11/include -I/home/ubuntu/projects/python_essentials/externals/essentials/externals/rapidjson/include -I/home/ubuntu/projects/python_essentials/externals/essentials/include -I/home/ubuntu/projects/python_essentials/externals/essentials/externals -I/home/ubuntu/projects/python_essentials/externals/essentials/externals/mtx -I/home/ubuntu/projects/python_essentials/externals/essentials/externals/moderngpu/src -I/usr/local/cuda/targets/x86_64-linux/include -Wall -Wno-unused-local-typedefs -Wno-strict-aliasing -Wno-unused-function -Wno-format-security -std=gnu++1z -MD -MT _deps/essentials-build/examples/bfs/CMakeFiles/bfs.dir/__/__/externals/mtx/mmio.cpp.o -MF CMakeFiles/bfs.dir/__/__/externals/mtx/mmio.cpp.o.d -o CMakeFiles/bfs.dir/__/__/externals/mtx/mmio.cpp.o -c /home/ubuntu/projects/python_essentials/externals/essentials/externals/mtx/mmio.cpp
cd /home/ubuntu/projects/python_essentials/build/_deps/essentials-build/examples/sssp && /usr/bin/cc -DESSENTIALSVERSION=2.0.0 -DSM_TARGET=61 -I/home/ubuntu/.anaconda/envs/pyg_env/include/python3.7m -I/home/ubuntu/projects/python_essentials/./pybind11/include -I/home/ubuntu/projects/python_essentials/externals/essentials/externals/rapidjson/include -I/home/ubuntu/projects/python_essentials/externals/essentials/include -I/home/ubuntu/projects/python_essentials/externals/essentials/externals -I/home/ubuntu/projects/python_essentials/externals/essentials/externals/mtx -I/home/ubuntu/projects/python_essentials/externals/essentials/externals/moderngpu/src -I/usr/local/cuda/targets/x86_64-linux/include  -MD -MT _deps/essentials-build/examples/sssp/CMakeFiles/sssp.dir/__/__/include/gunrock/util/gitsha1make.c.o -MF CMakeFiles/sssp.dir/__/__/include/gunrock/util/gitsha1make.c.o.d -o CMakeFiles/sssp.dir/__/__/include/gunrock/util/gitsha1make.c.o -c /home/ubuntu/projects/python_essentials/externals/essentials/include/gunrock/util/gitsha1make.c
[ 35%] Building CXX object _deps/essentials-build/examples/sssp/CMakeFiles/sssp.dir/__/__/externals/mtx/mmio.cpp.o
cd /home/ubuntu/projects/python_essentials/build/_deps/essentials-build/examples/sssp && /usr/bin/c++ -DESSENTIALSVERSION=2.0.0 -DSM_TARGET=61 -I/home/ubuntu/.anaconda/envs/pyg_env/include/python3.7m -I/home/ubuntu/projects/python_essentials/./pybind11/include -I/home/ubuntu/projects/python_essentials/externals/essentials/externals/rapidjson/include -I/home/ubuntu/projects/python_essentials/externals/essentials/include -I/home/ubuntu/projects/python_essentials/externals/essentials/externals -I/home/ubuntu/projects/python_essentials/externals/essentials/externals/mtx -I/home/ubuntu/projects/python_essentials/externals/essentials/externals/moderngpu/src -I/usr/local/cuda/targets/x86_64-linux/include -Wall -Wno-unused-local-typedefs -Wno-strict-aliasing -Wno-unused-function -Wno-format-security -std=gnu++1z -MD -MT _deps/essentials-build/examples/sssp/CMakeFiles/sssp.dir/__/__/externals/mtx/mmio.cpp.o -MF CMakeFiles/sssp.dir/__/__/externals/mtx/mmio.cpp.o.d -o CMakeFiles/sssp.dir/__/__/externals/mtx/mmio.cpp.o -c /home/ubuntu/projects/python_essentials/externals/essentials/externals/mtx/mmio.cpp
[ 40%] Building CUDA object _deps/essentials-build/examples/color/CMakeFiles/color.dir/color.cu.o
[ 45%] Building CUDA object _deps/essentials-build/examples/bfs/CMakeFiles/bfs.dir/bfs.cu.o
cd /home/ubuntu/projects/python_essentials/build/_deps/essentials-build/examples/color && /usr/local/cuda/bin/nvcc -forward-unknown-to-host-compiler -DESSENTIALSVERSION=2.0.0 -DSM_TARGET=61 -I/home/ubuntu/.anaconda/envs/pyg_env/include/python3.7m -I/home/ubuntu/projects/python_essentials/./pybind11/include -I/home/ubuntu/projects/python_essentials/externals/essentials/externals/rapidjson/include -I/home/ubuntu/projects/python_essentials/externals/essentials/include -I/home/ubuntu/projects/python_essentials/externals/essentials/externals -I/home/ubuntu/projects/python_essentials/externals/essentials/externals/mtx -I/home/ubuntu/projects/python_essentials/externals/essentials/externals/moderngpu/src -I/usr/local/cuda/targets/x86_64-linux/include --generate-code=arch=compute_61,code=[compute_61,sm_61] --expt-extended-lambda --expt-relaxed-constexpr --use_fast_math --ptxas-options -v -std=c++17 -MD -MT _deps/essentials-build/examples/color/CMakeFiles/color.dir/color.cu.o -MF CMakeFiles/color.dir/color.cu.o.d -x cu -c /home/ubuntu/projects/python_essentials/externals/essentials/examples/color/color.cu -o CMakeFiles/color.dir/color.cu.o
cd /home/ubuntu/projects/python_essentials/build/_deps/essentials-build/examples/bfs && /usr/local/cuda/bin/nvcc -forward-unknown-to-host-compiler -DESSENTIALSVERSION=2.0.0 -DSM_TARGET=61 -I/home/ubuntu/.anaconda/envs/pyg_env/include/python3.7m -I/home/ubuntu/projects/python_essentials/./pybind11/include -I/home/ubuntu/projects/python_essentials/externals/essentials/externals/rapidjson/include -I/home/ubuntu/projects/python_essentials/externals/essentials/include -I/home/ubuntu/projects/python_essentials/externals/essentials/externals -I/home/ubuntu/projects/python_essentials/externals/essentials/externals/mtx -I/home/ubuntu/projects/python_essentials/externals/essentials/externals/moderngpu/src -I/usr/local/cuda/targets/x86_64-linux/include --generate-code=arch=compute_61,code=[compute_61,sm_61] --expt-extended-lambda --expt-relaxed-constexpr --use_fast_math --ptxas-options -v -std=c++17 -MD -MT _deps/essentials-build/examples/bfs/CMakeFiles/bfs.dir/bfs.cu.o -MF CMakeFiles/bfs.dir/bfs.cu.o.d -x cu -c /home/ubuntu/projects/python_essentials/externals/essentials/examples/bfs/bfs.cu -o CMakeFiles/bfs.dir/bfs.cu.o
[ 50%] Building C object CMakeFiles/pygunrock.dir/externals/essentials/include/gunrock/util/gitsha1make.c.o
/usr/bin/cc -DSM_TARGET=61 -Dpygunrock_EXPORTS -I/home/ubuntu/.anaconda/envs/pyg_env/include/python3.7m -I/home/ubuntu/projects/python_essentials/./pybind11/include -I/home/ubuntu/projects/python_essentials/externals/essentials/include -I/home/ubuntu/projects/python_essentials/externals/essentials/externals -I/home/ubuntu/projects/python_essentials/externals/essentials/externals/mtx -I/home/ubuntu/projects/python_essentials/externals/essentials/externals/moderngpu/src -I/home/ubuntu/projects/python_essentials/externals/essentials/externals/rapidjson/include -I/usr/local/cuda/targets/x86_64-linux/include -isystem /home/ubuntu/.anaconda/envs/pyg_env/lib/python3.7/site-packages/torch/include -isystem /home/ubuntu/.anaconda/envs/pyg_env/lib/python3.7/site-packages/torch/include/torch/csrc/api/include -isystem /usr/local/cuda/include -fPIC -D_GLIBCXX_USE_CXX11_ABI=0 -MD -MT CMakeFiles/pygunrock.dir/externals/essentials/include/gunrock/util/gitsha1make.c.o -MF CMakeFiles/pygunrock.dir/externals/essentials/include/gunrock/util/gitsha1make.c.o.d -o CMakeFiles/pygunrock.dir/externals/essentials/include/gunrock/util/gitsha1make.c.o -c /home/ubuntu/projects/python_essentials/externals/essentials/include/gunrock/util/gitsha1make.c
[ 55%] Building CXX object _deps/essentials-build/examples/geo/CMakeFiles/geo.dir/__/__/externals/mtx/mmio.cpp.o
[ 60%] Building CUDA object _deps/essentials-build/examples/geo/CMakeFiles/geo.dir/geo.cu.o
cd /home/ubuntu/projects/python_essentials/build/_deps/essentials-build/examples/geo && /usr/bin/c++ -DESSENTIALSVERSION=2.0.0 -DSM_TARGET=61 -I/home/ubuntu/.anaconda/envs/pyg_env/include/python3.7m -I/home/ubuntu/projects/python_essentials/./pybind11/include -I/home/ubuntu/projects/python_essentials/externals/essentials/externals/rapidjson/include -I/home/ubuntu/projects/python_essentials/externals/essentials/include -I/home/ubuntu/projects/python_essentials/externals/essentials/externals -I/home/ubuntu/projects/python_essentials/externals/essentials/externals/mtx -I/home/ubuntu/projects/python_essentials/externals/essentials/externals/moderngpu/src -I/usr/local/cuda/targets/x86_64-linux/include -Wall -Wno-unused-local-typedefs -Wno-strict-aliasing -Wno-unused-function -Wno-format-security -std=gnu++1z -MD -MT _deps/essentials-build/examples/geo/CMakeFiles/geo.dir/__/__/externals/mtx/mmio.cpp.o -MF CMakeFiles/geo.dir/__/__/externals/mtx/mmio.cpp.o.d -o CMakeFiles/geo.dir/__/__/externals/mtx/mmio.cpp.o -c /home/ubuntu/projects/python_essentials/externals/essentials/externals/mtx/mmio.cpp
cd /home/ubuntu/projects/python_essentials/build/_deps/essentials-build/examples/geo && /usr/local/cuda/bin/nvcc -forward-unknown-to-host-compiler -DESSENTIALSVERSION=2.0.0 -DSM_TARGET=61 -I/home/ubuntu/.anaconda/envs/pyg_env/include/python3.7m -I/home/ubuntu/projects/python_essentials/./pybind11/include -I/home/ubuntu/projects/python_essentials/externals/essentials/externals/rapidjson/include -I/home/ubuntu/projects/python_essentials/externals/essentials/include -I/home/ubuntu/projects/python_essentials/externals/essentials/externals -I/home/ubuntu/projects/python_essentials/externals/essentials/externals/mtx -I/home/ubuntu/projects/python_essentials/externals/essentials/externals/moderngpu/src -I/usr/local/cuda/targets/x86_64-linux/include --generate-code=arch=compute_61,code=[compute_61,sm_61] --expt-extended-lambda --expt-relaxed-constexpr --use_fast_math --ptxas-options -v -std=c++17 -MD -MT _deps/essentials-build/examples/geo/CMakeFiles/geo.dir/geo.cu.o -MF CMakeFiles/geo.dir/geo.cu.o.d -x cu -c /home/ubuntu/projects/python_essentials/externals/essentials/examples/geo/geo.cu -o CMakeFiles/geo.dir/geo.cu.o
[ 65%] Building CXX object _deps/essentials-build/examples/color/CMakeFiles/color.dir/__/__/externals/mtx/mmio.cpp.o
cd /home/ubuntu/projects/python_essentials/build/_deps/essentials-build/examples/color && /usr/bin/c++ -DESSENTIALSVERSION=2.0.0 -DSM_TARGET=61 -I/home/ubuntu/.anaconda/envs/pyg_env/include/python3.7m -I/home/ubuntu/projects/python_essentials/./pybind11/include -I/home/ubuntu/projects/python_essentials/externals/essentials/externals/rapidjson/include -I/home/ubuntu/projects/python_essentials/externals/essentials/include -I/home/ubuntu/projects/python_essentials/externals/essentials/externals -I/home/ubuntu/projects/python_essentials/externals/essentials/externals/mtx -I/home/ubuntu/projects/python_essentials/externals/essentials/externals/moderngpu/src -I/usr/local/cuda/targets/x86_64-linux/include -Wall -Wno-unused-local-typedefs -Wno-strict-aliasing -Wno-unused-function -Wno-format-security -std=gnu++1z -MD -MT _deps/essentials-build/examples/color/CMakeFiles/color.dir/__/__/externals/mtx/mmio.cpp.o -MF CMakeFiles/color.dir/__/__/externals/mtx/mmio.cpp.o.d -o CMakeFiles/color.dir/__/__/externals/mtx/mmio.cpp.o -c /home/ubuntu/projects/python_essentials/externals/essentials/externals/mtx/mmio.cpp
[ 70%] Building C object _deps/essentials-build/examples/geo/CMakeFiles/geo.dir/__/__/include/gunrock/util/gitsha1make.c.o
cd /home/ubuntu/projects/python_essentials/build/_deps/essentials-build/examples/geo && /usr/bin/cc -DESSENTIALSVERSION=2.0.0 -DSM_TARGET=61 -I/home/ubuntu/.anaconda/envs/pyg_env/include/python3.7m -I/home/ubuntu/projects/python_essentials/./pybind11/include -I/home/ubuntu/projects/python_essentials/externals/essentials/externals/rapidjson/include -I/home/ubuntu/projects/python_essentials/externals/essentials/include -I/home/ubuntu/projects/python_essentials/externals/essentials/externals -I/home/ubuntu/projects/python_essentials/externals/essentials/externals/mtx -I/home/ubuntu/projects/python_essentials/externals/essentials/externals/moderngpu/src -I/usr/local/cuda/targets/x86_64-linux/include  -MD -MT _deps/essentials-build/examples/geo/CMakeFiles/geo.dir/__/__/include/gunrock/util/gitsha1make.c.o -MF CMakeFiles/geo.dir/__/__/include/gunrock/util/gitsha1make.c.o.d -o CMakeFiles/geo.dir/__/__/include/gunrock/util/gitsha1make.c.o -c /home/ubuntu/projects/python_essentials/externals/essentials/include/gunrock/util/gitsha1make.c
[ 75%] Building C object _deps/essentials-build/examples/color/CMakeFiles/color.dir/__/__/include/gunrock/util/gitsha1make.c.o
cd /home/ubuntu/projects/python_essentials/build/_deps/essentials-build/examples/color && /usr/bin/cc -DESSENTIALSVERSION=2.0.0 -DSM_TARGET=61 -I/home/ubuntu/.anaconda/envs/pyg_env/include/python3.7m -I/home/ubuntu/projects/python_essentials/./pybind11/include -I/home/ubuntu/projects/python_essentials/externals/essentials/externals/rapidjson/include -I/home/ubuntu/projects/python_essentials/externals/essentials/include -I/home/ubuntu/projects/python_essentials/externals/essentials/externals -I/home/ubuntu/projects/python_essentials/externals/essentials/externals/mtx -I/home/ubuntu/projects/python_essentials/externals/essentials/externals/moderngpu/src -I/usr/local/cuda/targets/x86_64-linux/include  -MD -MT _deps/essentials-build/examples/color/CMakeFiles/color.dir/__/__/include/gunrock/util/gitsha1make.c.o -MF CMakeFiles/color.dir/__/__/include/gunrock/util/gitsha1make.c.o.d -o CMakeFiles/color.dir/__/__/include/gunrock/util/gitsha1make.c.o -c /home/ubuntu/projects/python_essentials/externals/essentials/include/gunrock/util/gitsha1make.c
[ 80%] Linking CXX executable ../../../../bin/geo
cd /home/ubuntu/projects/python_essentials/build/_deps/essentials-build/examples/geo && /usr/local/bin/cmake -E cmake_link_script CMakeFiles/geo.dir/link.txt --verbose=1
/usr/bin/c++ CMakeFiles/geo.dir/geo.cu.o CMakeFiles/geo.dir/__/__/externals/mtx/mmio.cpp.o CMakeFiles/geo.dir/__/__/include/gunrock/util/gitsha1make.c.o -o ../../../../bin/geo   -L/usr/local/cuda/targets/x86_64-linux/lib/stubs  -L/usr/local/cuda/targets/x86_64-linux/lib  -lcurand -lcudadevrt -lcudart_static -lrt -lpthread -ldl 
make[2]: Leaving directory '/home/ubuntu/projects/python_essentials/build'
[ 80%] Built target geo
[ 85%] Linking CXX executable ../../../../bin/bfs
cd /home/ubuntu/projects/python_essentials/build/_deps/essentials-build/examples/bfs && /usr/local/bin/cmake -E cmake_link_script CMakeFiles/bfs.dir/link.txt --verbose=1
/usr/bin/c++ CMakeFiles/bfs.dir/bfs.cu.o CMakeFiles/bfs.dir/__/__/externals/mtx/mmio.cpp.o CMakeFiles/bfs.dir/__/__/include/gunrock/util/gitsha1make.c.o -o ../../../../bin/bfs   -L/usr/local/cuda/targets/x86_64-linux/lib/stubs  -L/usr/local/cuda/targets/x86_64-linux/lib  -lcurand -lcudadevrt -lcudart_static -lrt -lpthread -ldl 
make[2]: Leaving directory '/home/ubuntu/projects/python_essentials/build'
[ 85%] Built target bfs
[ 90%] Linking CXX executable ../../../../bin/color
cd /home/ubuntu/projects/python_essentials/build/_deps/essentials-build/examples/color && /usr/local/bin/cmake -E cmake_link_script CMakeFiles/color.dir/link.txt --verbose=1
/usr/bin/c++ CMakeFiles/color.dir/color.cu.o CMakeFiles/color.dir/__/__/externals/mtx/mmio.cpp.o CMakeFiles/color.dir/__/__/include/gunrock/util/gitsha1make.c.o -o ../../../../bin/color   -L/usr/local/cuda/targets/x86_64-linux/lib/stubs  -L/usr/local/cuda/targets/x86_64-linux/lib  -lcurand -lcudadevrt -lcudart_static -lrt -lpthread -ldl 
make[2]: Leaving directory '/home/ubuntu/projects/python_essentials/build'
[ 90%] Built target color
[ 95%] Linking CXX executable ../../../../bin/sssp
cd /home/ubuntu/projects/python_essentials/build/_deps/essentials-build/examples/sssp && /usr/local/bin/cmake -E cmake_link_script CMakeFiles/sssp.dir/link.txt --verbose=1
/usr/bin/c++ CMakeFiles/sssp.dir/sssp.cu.o CMakeFiles/sssp.dir/__/__/externals/mtx/mmio.cpp.o CMakeFiles/sssp.dir/__/__/include/gunrock/util/gitsha1make.c.o -o ../../../../bin/sssp   -L/usr/local/cuda/targets/x86_64-linux/lib/stubs  -L/usr/local/cuda/targets/x86_64-linux/lib  -lcurand -lcudadevrt -lcudart_static -lrt -lpthread -ldl 
make[2]: Leaving directory '/home/ubuntu/projects/python_essentials/build'
[ 95%] Built target sssp
[100%] Linking CXX shared library _deps/essentials-build/lib/pygunrock.so
/usr/local/bin/cmake -E cmake_link_script CMakeFiles/pygunrock.dir/link.txt --verbose=1
/usr/bin/c++ -fPIC -shared -Wl,-soname,pygunrock.so -o _deps/essentials-build/lib/pygunrock.so CMakeFiles/pygunrock.dir/src/interface.cu.o CMakeFiles/pygunrock.dir/externals/essentials/externals/mtx/mmio.cpp.o CMakeFiles/pygunrock.dir/externals/essentials/include/gunrock/util/gitsha1make.c.o   -L/usr/local/cuda/targets/x86_64-linux/lib/stubs  -L/usr/local/cuda/targets/x86_64-linux/lib  -Wl,-rpath,/home/ubuntu/.anaconda/envs/pyg_env/lib/python3.7/site-packages/torch/lib:/usr/local/cuda/lib64/stubs:/usr/local/cuda/lib64 /home/ubuntu/.anaconda/envs/pyg_env/lib/python3.7/site-packages/torch/lib/libtorch.so /home/ubuntu/.anaconda/envs/pyg_env/lib/python3.7/site-packages/torch/lib/libc10.so /usr/local/cuda/lib64/stubs/libcuda.so /usr/local/cuda/lib64/libnvrtc.so /usr/local/cuda/lib64/libnvToolsExt.so /usr/local/cuda/lib64/libcudart.so /home/ubuntu/.anaconda/envs/pyg_env/lib/python3.7/site-packages/torch/lib/libc10_cuda.so /home/ubuntu/.anaconda/envs/pyg_env/lib/python3.7/site-packages/torch/lib/libtorch_python.so -lcurand -Wl,--no-as-needed,"/home/ubuntu/.anaconda/envs/pyg_env/lib/python3.7/site-packages/torch/lib/libtorch_cuda.so" -Wl,--as-needed -Wl,--no-as-needed,"/home/ubuntu/.anaconda/envs/pyg_env/lib/python3.7/site-packages/torch/lib/libtorch_cuda_cu.so" -Wl,--as-needed -Wl,--no-as-needed,"/home/ubuntu/.anaconda/envs/pyg_env/lib/python3.7/site-packages/torch/lib/libtorch_cpu.so" -Wl,--as-needed -lpthread /home/ubuntu/.anaconda/envs/pyg_env/lib/python3.7/site-packages/torch/lib/libc10_cuda.so /home/ubuntu/.anaconda/envs/pyg_env/lib/python3.7/site-packages/torch/lib/libc10.so /usr/local/cuda/lib64/libcufft.so /usr/local/cuda/lib64/libcurand.so /usr/local/cuda/lib64/libcublas.so /usr/local/cuda/lib64/libcudnn.so -Wl,--no-as-needed,"/home/ubuntu/.anaconda/envs/pyg_env/lib/python3.7/site-packages/torch/lib/libtorch_cuda_cpp.so" -Wl,--as-needed -Wl,--no-as-needed,"/home/ubuntu/.anaconda/envs/pyg_env/lib/python3.7/site-packages/torch/lib/libtorch.so" -Wl,--as-needed /usr/local/cuda/lib64/libnvToolsExt.so /usr/local/cuda/lib64/libcudart.so -lcudadevrt -lcudart_static -lrt -lpthread -ldl 
make[2]: Leaving directory '/home/ubuntu/projects/python_essentials/build'
[100%] Built target pygunrock
make[1]: Leaving directory '/home/ubuntu/projects/python_essentials/build'
/usr/local/bin/cmake -E cmake_progress_start /home/ubuntu/projects/python_essentials/build/CMakeFiles 0
